<?xml version="1.0" encoding="UTF-8"?>
<robot generator="Robot 3.1.1 (Python 3.6.8 on win32)" generated="20190131 13:23:54.849" rpa="false">
<suite id="s1" name="End To End" source="C:\Users\ouali\Downloads\RED_0.8.10.20181217152018-win32.win32.x86_64\workspace\End_To_End">
<suite id="s1-s1" name="Tests" source="C:\Users\ouali\Downloads\RED_0.8.10.20181217152018-win32.win32.x86_64\workspace\End_To_End\Tests">
<suite id="s1-s1-s1" name="End To End" source="C:\Users\ouali\Downloads\RED_0.8.10.20181217152018-win32.win32.x86_64\workspace\End_To_End\Tests\End_To_End">
<suite id="s1-s1-s1-s1" name="Scenario" source="C:\Users\ouali\Downloads\RED_0.8.10.20181217152018-win32.win32.x86_64\workspace\End_To_End\Tests\End_To_End\Scenario.robot">
<test id="s1-s1-s1-s1-t1" name="Should be able to access boths pages">
<kw name="Begin Web Test" library="CommonWeb" type="setup">
<kw name="Open Browser" library="SeleniumLibrary">
<doc>Opens a new browser instance to the given ``url``.</doc>
<arguments>
<arg>about:blank</arg>
<arg>${BROWSER}</arg>
</arguments>
<msg timestamp="20190131 13:23:55.266" level="INFO">Opening browser 'chrome' to base url 'about:blank'.</msg>
<status status="PASS" starttime="20190131 13:23:55.266" endtime="20190131 13:23:59.167"></status>
</kw>
<status status="PASS" starttime="20190131 13:23:55.265" endtime="20190131 13:23:59.169"></status>
</kw>
<kw name="Go to Landing Page" library="BackOfficeApp">
<kw name="Navigate To" library="BackOffice_Landing">
<kw name="Go To" library="SeleniumLibrary">
<doc>Navigates the active browser instance to the provided ``url``.</doc>
<arguments>
<arg>${BACK_OFFICE_URL}</arg>
</arguments>
<msg timestamp="20190131 13:23:59.175" level="INFO">Opening url 'http://www.robotframeworktutorial.com/back-office'</msg>
<status status="PASS" starttime="20190131 13:23:59.175" endtime="20190131 13:24:00.641"></status>
</kw>
<kw name="Sleep" library="BuiltIn">
<doc>Pauses the test executed for the given time.</doc>
<arguments>
<arg>5s</arg>
</arguments>
<msg timestamp="20190131 13:24:05.644" level="INFO">Slept 5 seconds</msg>
<status status="PASS" starttime="20190131 13:24:00.642" endtime="20190131 13:24:05.645"></status>
</kw>
<status status="PASS" starttime="20190131 13:23:59.173" endtime="20190131 13:24:05.645"></status>
</kw>
<status status="PASS" starttime="20190131 13:23:59.169" endtime="20190131 13:24:05.646"></status>
</kw>
<kw name="Go to Landing Page" library="FrontOfficeAPP">
<kw name="Navigate To" library="FrontOffice_Landing">
<kw name="Go To" library="SeleniumLibrary">
<doc>Navigates the active browser instance to the provided ``url``.</doc>
<arguments>
<arg>${FRONT_OFFICE_URL}</arg>
</arguments>
<msg timestamp="20190131 13:24:05.648" level="INFO">Opening url 'http://www.robotframeworktutorial.com/front-office'</msg>
<status status="PASS" starttime="20190131 13:24:05.648" endtime="20190131 13:24:07.432"></status>
</kw>
<status status="PASS" starttime="20190131 13:24:05.647" endtime="20190131 13:24:07.434"></status>
</kw>
<kw name="Verify Page Loaded" library="FrontOffice_Landing">
<kw name="Wait Until Page Contains Element" library="SeleniumLibrary">
<doc>Waits until element ``locator`` appears on current page.</doc>
<arguments>
<arg>${LANDING_NAVIGATION_ELEMENT}</arg>
</arguments>
<status status="PASS" starttime="20190131 13:24:07.437" endtime="20190131 13:24:07.455"></status>
</kw>
<status status="PASS" starttime="20190131 13:24:07.434" endtime="20190131 13:24:07.456"></status>
</kw>
<status status="PASS" starttime="20190131 13:24:05.646" endtime="20190131 13:24:07.456"></status>
</kw>
<kw name="End Web Test" library="CommonWeb" type="teardown">
<kw name="Close All Browsers" library="SeleniumLibrary">
<doc>Closes all open browsers and resets the browser cache.</doc>
<status status="PASS" starttime="20190131 13:24:07.457" endtime="20190131 13:24:10.939"></status>
</kw>
<status status="PASS" starttime="20190131 13:24:07.457" endtime="20190131 13:24:10.941"></status>
</kw>
<doc>This is test 1</doc>
<tags>
<tag>test1</tag>
</tags>
<status status="PASS" starttime="20190131 13:23:55.263" endtime="20190131 13:24:10.942" critical="yes"></status>
</test>
<doc>This is my end to end suite</doc>
<status status="PASS" starttime="20190131 13:23:55.015" endtime="20190131 13:24:10.944"></status>
</suite>
<status status="PASS" starttime="20190131 13:23:55.011" endtime="20190131 13:24:10.949"></status>
</suite>
<status status="PASS" starttime="20190131 13:23:55.006" endtime="20190131 13:24:10.950"></status>
</suite>
<status status="PASS" starttime="20190131 13:23:54.971" endtime="20190131 13:24:10.952"></status>
</suite>
<statistics>
<total>
<stat pass="1" fail="0">Critical Tests</stat>
<stat pass="1" fail="0">All Tests</stat>
</total>
<tag>
<stat pass="1" fail="0">test1</stat>
</tag>
<suite>
<stat pass="1" fail="0" id="s1" name="End To End">End To End</stat>
<stat pass="1" fail="0" id="s1-s1" name="Tests">End To End.Tests</stat>
<stat pass="1" fail="0" id="s1-s1-s1" name="End To End">End To End.Tests.End To End</stat>
<stat pass="1" fail="0" id="s1-s1-s1-s1" name="Scenario">End To End.Tests.End To End.Scenario</stat>
</suite>
</statistics>
<errors>
</errors>
</robot>
