<?xml version="1.0" encoding="UTF-8"?>
<robot generator="Robot 3.1.1 (Python 3.6.8 on win32)" generated="20190201 21:53:52.516" rpa="false">
<suite id="s1" name="End To End" source="C:\Users\ouali\Downloads\RED_0.8.10.20181217152018-win32.win32.x86_64\workspace\End_To_End">
<suite id="s1-s1" name="Tests" source="C:\Users\ouali\Downloads\RED_0.8.10.20181217152018-win32.win32.x86_64\workspace\End_To_End\Tests">
<suite id="s1-s1-s1" name="Back Office" source="C:\Users\ouali\Downloads\RED_0.8.10.20181217152018-win32.win32.x86_64\workspace\End_To_End\Tests\Back_Office">
<suite id="s1-s1-s1-s1" name="BackOffice" source="C:\Users\ouali\Downloads\RED_0.8.10.20181217152018-win32.win32.x86_64\workspace\End_To_End\Tests\Back_Office\BackOffice.robot">
<test id="s1-s1-s1-s1-t1" name="Should be able to access &quot;Landing&quot; page">
<kw name="Begin Web Test" library="CommonWeb" type="setup">
<kw name="Open Browser" library="SeleniumLibrary">
<doc>Opens a new browser instance to the given ``url``.</doc>
<arguments>
<arg>about:blank</arg>
<arg>${BROWSER}</arg>
</arguments>
<msg timestamp="20190201 21:53:52.900" level="INFO">Opening browser 'chrome' to base url 'about:blank'.</msg>
<status status="PASS" starttime="20190201 21:53:52.900" endtime="20190201 21:53:55.791"></status>
</kw>
<status status="PASS" starttime="20190201 21:53:52.900" endtime="20190201 21:53:55.792"></status>
</kw>
<kw name="Go to Landing Page" library="BackOfficeApp">
<kw name="Navigate To" library="BackOffice_Landing">
<kw name="Go To" library="SeleniumLibrary">
<doc>Navigates the active browser instance to the provided ``url``.</doc>
<arguments>
<arg>${BACK_OFFICE_URL}</arg>
</arguments>
<msg timestamp="20190201 21:53:55.795" level="INFO">Opening url 'http://www.robotframeworktutorial.com/back-office'</msg>
<status status="PASS" starttime="20190201 21:53:55.795" endtime="20190201 21:53:57.940"></status>
</kw>
<kw name="Sleep" library="BuiltIn">
<doc>Pauses the test executed for the given time.</doc>
<arguments>
<arg>5s</arg>
</arguments>
<msg timestamp="20190201 21:54:02.952" level="INFO">Slept 5 seconds</msg>
<status status="PASS" starttime="20190201 21:53:57.941" endtime="20190201 21:54:02.952"></status>
</kw>
<status status="PASS" starttime="20190201 21:53:55.794" endtime="20190201 21:54:02.952"></status>
</kw>
<status status="PASS" starttime="20190201 21:53:55.793" endtime="20190201 21:54:02.952"></status>
</kw>
<kw name="End Web Test" library="CommonWeb" type="teardown">
<kw name="Close All Browsers" library="SeleniumLibrary">
<doc>Closes all open browsers and resets the browser cache.</doc>
<status status="PASS" starttime="20190201 21:54:02.952" endtime="20190201 21:54:06.452"></status>
</kw>
<status status="PASS" starttime="20190201 21:54:02.952" endtime="20190201 21:54:06.452"></status>
</kw>
<doc>This is test 1</doc>
<tags>
<tag>test1</tag>
</tags>
<status status="PASS" starttime="20190201 21:53:52.900" endtime="20190201 21:54:06.452" critical="yes"></status>
</test>
<doc>Talk about what this suite of tests does</doc>
<status status="PASS" starttime="20190201 21:53:52.707" endtime="20190201 21:54:06.452"></status>
</suite>
<status status="PASS" starttime="20190201 21:53:52.707" endtime="20190201 21:54:06.452"></status>
</suite>
<suite id="s1-s1-s2" name="End To End" source="C:\Users\ouali\Downloads\RED_0.8.10.20181217152018-win32.win32.x86_64\workspace\End_To_End\Tests\End_To_End">
<suite id="s1-s1-s2-s1" name="Scenario" source="C:\Users\ouali\Downloads\RED_0.8.10.20181217152018-win32.win32.x86_64\workspace\End_To_End\Tests\End_To_End\Scenario.robot">
<test id="s1-s1-s2-s1-t1" name="Should be able to access boths pages">
<kw name="Begin Web Test" library="CommonWeb" type="setup">
<kw name="Open Browser" library="SeleniumLibrary">
<doc>Opens a new browser instance to the given ``url``.</doc>
<arguments>
<arg>about:blank</arg>
<arg>${BROWSER}</arg>
</arguments>
<msg timestamp="20190201 21:54:06.495" level="INFO">Opening browser 'chrome' to base url 'about:blank'.</msg>
<status status="PASS" starttime="20190201 21:54:06.495" endtime="20190201 21:54:09.547"></status>
</kw>
<status status="PASS" starttime="20190201 21:54:06.495" endtime="20190201 21:54:09.547"></status>
</kw>
<kw name="Go to Landing Page" library="BackOfficeApp">
<kw name="Navigate To" library="BackOffice_Landing">
<kw name="Go To" library="SeleniumLibrary">
<doc>Navigates the active browser instance to the provided ``url``.</doc>
<arguments>
<arg>${BACK_OFFICE_URL}</arg>
</arguments>
<msg timestamp="20190201 21:54:09.552" level="INFO">Opening url 'http://www.robotframeworktutorial.com/back-office'</msg>
<status status="PASS" starttime="20190201 21:54:09.552" endtime="20190201 21:54:12.773"></status>
</kw>
<kw name="Sleep" library="BuiltIn">
<doc>Pauses the test executed for the given time.</doc>
<arguments>
<arg>5s</arg>
</arguments>
<msg timestamp="20190201 21:54:17.777" level="INFO">Slept 5 seconds</msg>
<status status="PASS" starttime="20190201 21:54:12.773" endtime="20190201 21:54:17.777"></status>
</kw>
<status status="PASS" starttime="20190201 21:54:09.551" endtime="20190201 21:54:17.777"></status>
</kw>
<status status="PASS" starttime="20190201 21:54:09.548" endtime="20190201 21:54:17.777"></status>
</kw>
<kw name="Go to Landing Page" library="FrontOfficeAPP">
<kw name="Navigate To" library="FrontOffice_Landing">
<kw name="Go To" library="SeleniumLibrary">
<doc>Navigates the active browser instance to the provided ``url``.</doc>
<arguments>
<arg>${FRONT_OFFICE_URL}</arg>
</arguments>
<msg timestamp="20190201 21:54:17.777" level="INFO">Opening url 'http://www.robotframeworktutorial.com/front-office'</msg>
<status status="PASS" starttime="20190201 21:54:17.777" endtime="20190201 21:54:21.753"></status>
</kw>
<status status="PASS" starttime="20190201 21:54:17.777" endtime="20190201 21:54:21.753"></status>
</kw>
<kw name="Verify Page Loaded" library="FrontOffice_Landing">
<kw name="Wait Until Page Contains Element" library="SeleniumLibrary">
<doc>Waits until element ``locator`` appears on current page.</doc>
<arguments>
<arg>${LANDING_NAVIGATION_ELEMENT}</arg>
</arguments>
<status status="PASS" starttime="20190201 21:54:21.755" endtime="20190201 21:54:21.774"></status>
</kw>
<status status="PASS" starttime="20190201 21:54:21.754" endtime="20190201 21:54:21.774"></status>
</kw>
<status status="PASS" starttime="20190201 21:54:17.777" endtime="20190201 21:54:21.775"></status>
</kw>
<kw name="End Web Test" library="CommonWeb" type="teardown">
<kw name="Close All Browsers" library="SeleniumLibrary">
<doc>Closes all open browsers and resets the browser cache.</doc>
<status status="PASS" starttime="20190201 21:54:21.777" endtime="20190201 21:54:25.156"></status>
</kw>
<status status="PASS" starttime="20190201 21:54:21.776" endtime="20190201 21:54:25.156"></status>
</kw>
<doc>This is test 1</doc>
<tags>
<tag>test1</tag>
</tags>
<status status="PASS" starttime="20190201 21:54:06.495" endtime="20190201 21:54:25.156" critical="yes"></status>
</test>
<doc>This is my end to end suite</doc>
<status status="PASS" starttime="20190201 21:54:06.470" endtime="20190201 21:54:25.156"></status>
</suite>
<status status="PASS" starttime="20190201 21:54:06.470" endtime="20190201 21:54:25.156"></status>
</suite>
<suite id="s1-s1-s3" name="Front Office" source="C:\Users\ouali\Downloads\RED_0.8.10.20181217152018-win32.win32.x86_64\workspace\End_To_End\Tests\Front_Office">
<suite id="s1-s1-s3-s1" name="FrontOffice" source="C:\Users\ouali\Downloads\RED_0.8.10.20181217152018-win32.win32.x86_64\workspace\End_To_End\Tests\Front_Office\FrontOffice.robot">
<kw name="Begin Web Test" library="CommonWeb" type="setup">
<kw name="Open Browser" library="SeleniumLibrary">
<doc>Opens a new browser instance to the given ``url``.</doc>
<arguments>
<arg>about:blank</arg>
<arg>${BROWSER}</arg>
</arguments>
<msg timestamp="20190201 21:54:25.187" level="INFO">Opening browser 'chrome' to base url 'about:blank'.</msg>
<status status="PASS" starttime="20190201 21:54:25.171" endtime="20190201 21:54:27.814"></status>
</kw>
<status status="PASS" starttime="20190201 21:54:25.171" endtime="20190201 21:54:27.815"></status>
</kw>
<test id="s1-s1-s3-s1-t1" name="Should be able to access &quot;Team&quot; page">
<kw name="Go to Landing Page" library="FrontOfficeAPP">
<kw name="Navigate To" library="FrontOffice_Landing">
<kw name="Go To" library="SeleniumLibrary">
<doc>Navigates the active browser instance to the provided ``url``.</doc>
<arguments>
<arg>${FRONT_OFFICE_URL}</arg>
</arguments>
<msg timestamp="20190201 21:54:27.818" level="INFO">Opening url 'http://www.robotframeworktutorial.com/front-office'</msg>
<status status="PASS" starttime="20190201 21:54:27.817" endtime="20190201 21:54:31.057"></status>
</kw>
<status status="PASS" starttime="20190201 21:54:27.817" endtime="20190201 21:54:31.057"></status>
</kw>
<kw name="Verify Page Loaded" library="FrontOffice_Landing">
<kw name="Wait Until Page Contains Element" library="SeleniumLibrary">
<doc>Waits until element ``locator`` appears on current page.</doc>
<arguments>
<arg>${LANDING_NAVIGATION_ELEMENT}</arg>
</arguments>
<status status="PASS" starttime="20190201 21:54:31.059" endtime="20190201 21:54:31.082"></status>
</kw>
<status status="PASS" starttime="20190201 21:54:31.058" endtime="20190201 21:54:31.082"></status>
</kw>
<status status="PASS" starttime="20190201 21:54:27.816" endtime="20190201 21:54:31.083"></status>
</kw>
<kw name="Go to &quot;Team&quot; Page" library="FrontOfficeAPP">
<kw name="Select &quot;Team&quot; Page" library="FrontOffice_TopNav">
<kw name="Click Element" library="SeleniumLibrary">
<doc>Click element identified by ``locator``.</doc>
<arguments>
<arg>${TOP_NAV_TEAM_LINK}</arg>
</arguments>
<msg timestamp="20190201 21:54:31.086" level="INFO">Clicking element 'css=#bs-example-navbar-collapse-1 &gt; ul &gt; li:nth-child(5) &gt; a'.</msg>
<status status="PASS" starttime="20190201 21:54:31.085" endtime="20190201 21:54:31.215"></status>
</kw>
<kw name="Sleep" library="BuiltIn">
<doc>Pauses the test executed for the given time.</doc>
<arguments>
<arg>3s</arg>
</arguments>
<msg timestamp="20190201 21:54:34.229" level="INFO">Slept 3 seconds</msg>
<status status="PASS" starttime="20190201 21:54:31.216" endtime="20190201 21:54:34.229"></status>
</kw>
<status status="PASS" starttime="20190201 21:54:31.084" endtime="20190201 21:54:34.229"></status>
</kw>
<kw name="Verify Page Loaded" library="FrontOffice_Team">
<kw name="Wait Until Page Contains Element" library="SeleniumLibrary">
<doc>Waits until element ``locator`` appears on current page.</doc>
<arguments>
<arg>${TEAM_HEADER_LABEL}</arg>
</arguments>
<status status="PASS" starttime="20190201 21:54:34.229" endtime="20190201 21:54:34.244"></status>
</kw>
<status status="PASS" starttime="20190201 21:54:34.229" endtime="20190201 21:54:34.244"></status>
</kw>
<status status="PASS" starttime="20190201 21:54:31.083" endtime="20190201 21:54:34.244"></status>
</kw>
<doc>This is test 1</doc>
<tags>
<tag>test1</tag>
</tags>
<status status="PASS" starttime="20190201 21:54:27.815" endtime="20190201 21:54:34.244" critical="yes"></status>
</test>
<test id="s1-s1-s3-s1-t2" name="&quot;Team&quot; page should match requirements">
<kw name="Go to Landing Page" library="FrontOfficeAPP">
<kw name="Navigate To" library="FrontOffice_Landing">
<kw name="Go To" library="SeleniumLibrary">
<doc>Navigates the active browser instance to the provided ``url``.</doc>
<arguments>
<arg>${FRONT_OFFICE_URL}</arg>
</arguments>
<msg timestamp="20190201 21:54:34.254" level="INFO">Opening url 'http://www.robotframeworktutorial.com/front-office'</msg>
<status status="PASS" starttime="20190201 21:54:34.254" endtime="20190201 21:54:34.499"></status>
</kw>
<status status="PASS" starttime="20190201 21:54:34.254" endtime="20190201 21:54:34.500"></status>
</kw>
<kw name="Verify Page Loaded" library="FrontOffice_Landing">
<kw name="Wait Until Page Contains Element" library="SeleniumLibrary">
<doc>Waits until element ``locator`` appears on current page.</doc>
<arguments>
<arg>${LANDING_NAVIGATION_ELEMENT}</arg>
</arguments>
<status status="PASS" starttime="20190201 21:54:34.501" endtime="20190201 21:54:34.512"></status>
</kw>
<status status="PASS" starttime="20190201 21:54:34.500" endtime="20190201 21:54:34.513"></status>
</kw>
<status status="PASS" starttime="20190201 21:54:34.253" endtime="20190201 21:54:34.513"></status>
</kw>
<kw name="Go to &quot;Team&quot; Page" library="FrontOfficeAPP">
<kw name="Select &quot;Team&quot; Page" library="FrontOffice_TopNav">
<kw name="Click Element" library="SeleniumLibrary">
<doc>Click element identified by ``locator``.</doc>
<arguments>
<arg>${TOP_NAV_TEAM_LINK}</arg>
</arguments>
<msg timestamp="20190201 21:54:34.518" level="INFO">Clicking element 'css=#bs-example-navbar-collapse-1 &gt; ul &gt; li:nth-child(5) &gt; a'.</msg>
<status status="PASS" starttime="20190201 21:54:34.517" endtime="20190201 21:54:34.608"></status>
</kw>
<kw name="Sleep" library="BuiltIn">
<doc>Pauses the test executed for the given time.</doc>
<arguments>
<arg>3s</arg>
</arguments>
<msg timestamp="20190201 21:54:37.616" level="INFO">Slept 3 seconds</msg>
<status status="PASS" starttime="20190201 21:54:34.608" endtime="20190201 21:54:37.616"></status>
</kw>
<status status="PASS" starttime="20190201 21:54:34.514" endtime="20190201 21:54:37.616"></status>
</kw>
<kw name="Verify Page Loaded" library="FrontOffice_Team">
<kw name="Wait Until Page Contains Element" library="SeleniumLibrary">
<doc>Waits until element ``locator`` appears on current page.</doc>
<arguments>
<arg>${TEAM_HEADER_LABEL}</arg>
</arguments>
<status status="PASS" starttime="20190201 21:54:37.616" endtime="20190201 21:54:37.635"></status>
</kw>
<status status="PASS" starttime="20190201 21:54:37.616" endtime="20190201 21:54:37.636"></status>
</kw>
<status status="PASS" starttime="20190201 21:54:34.514" endtime="20190201 21:54:37.636"></status>
</kw>
<kw name="Validate &quot;Team&quot; Page" library="FrontOfficeAPP">
<kw name="Validate Page Contents" library="FrontOffice_Team">
<kw name="Get Text" library="SeleniumLibrary">
<doc>Returns the text value of element identified by ``locator``.</doc>
<arguments>
<arg>${TEAM_HEADER_LABEL}</arg>
</arguments>
<assign>
<var>${ElementText}</var>
</assign>
<msg timestamp="20190201 21:54:37.662" level="INFO">${ElementText} = OUR AMAZING TEAM</msg>
<status status="PASS" starttime="20190201 21:54:37.637" endtime="20190201 21:54:37.662"></status>
</kw>
<kw name="Should Be Equal As Strings" library="BuiltIn">
<doc>Fails if objects are unequal after converting them to strings.</doc>
<arguments>
<arg>${ElementText}</arg>
<arg>Our Amazing Team</arg>
<arg>ignore_case=true</arg>
</arguments>
<status status="PASS" starttime="20190201 21:54:37.662" endtime="20190201 21:54:37.663"></status>
</kw>
<status status="PASS" starttime="20190201 21:54:37.637" endtime="20190201 21:54:37.664"></status>
</kw>
<status status="PASS" starttime="20190201 21:54:37.637" endtime="20190201 21:54:37.664"></status>
</kw>
<doc>This is test 2</doc>
<tags>
<tag>test2</tag>
</tags>
<status status="PASS" starttime="20190201 21:54:34.253" endtime="20190201 21:54:37.665" critical="yes"></status>
</test>
<kw name="End Web Test" library="CommonWeb" type="teardown">
<kw name="Close All Browsers" library="SeleniumLibrary">
<doc>Closes all open browsers and resets the browser cache.</doc>
<status status="PASS" starttime="20190201 21:54:37.668" endtime="20190201 21:54:40.378"></status>
</kw>
<status status="PASS" starttime="20190201 21:54:37.668" endtime="20190201 21:54:40.378"></status>
</kw>
<doc>Talks about what this suite of tests does</doc>
<status status="PASS" starttime="20190201 21:54:25.171" endtime="20190201 21:54:40.378"></status>
</suite>
<status status="PASS" starttime="20190201 21:54:25.156" endtime="20190201 21:54:40.378"></status>
</suite>
<status status="PASS" starttime="20190201 21:53:52.690" endtime="20190201 21:54:40.378"></status>
</suite>
<status status="PASS" starttime="20190201 21:53:52.637" endtime="20190201 21:54:40.404"></status>
</suite>
<statistics>
<total>
<stat pass="4" fail="0">Critical Tests</stat>
<stat pass="4" fail="0">All Tests</stat>
</total>
<tag>
<stat pass="3" fail="0">test1</stat>
<stat pass="1" fail="0">test2</stat>
</tag>
<suite>
<stat pass="4" fail="0" id="s1" name="End To End">End To End</stat>
<stat pass="4" fail="0" id="s1-s1" name="Tests">End To End.Tests</stat>
<stat pass="1" fail="0" id="s1-s1-s1" name="Back Office">End To End.Tests.Back Office</stat>
<stat pass="1" fail="0" id="s1-s1-s1-s1" name="BackOffice">End To End.Tests.Back Office.BackOffice</stat>
<stat pass="1" fail="0" id="s1-s1-s2" name="End To End">End To End.Tests.End To End</stat>
<stat pass="1" fail="0" id="s1-s1-s2-s1" name="Scenario">End To End.Tests.End To End.Scenario</stat>
<stat pass="2" fail="0" id="s1-s1-s3" name="Front Office">End To End.Tests.Front Office</stat>
<stat pass="2" fail="0" id="s1-s1-s3-s1" name="FrontOffice">End To End.Tests.Front Office.FrontOffice</stat>
</suite>
</statistics>
<errors>
</errors>
</robot>
