<?xml version="1.0" encoding="UTF-8"?>
<robot generator="Robot 3.1.1 (Python 3.6.8 on win32)" generated="20190201 17:49:41.972" rpa="false">
<suite id="s1" name="Tests" source="C:\Users\ouali\Downloads\RED_0.8.10.20181217152018-win32.win32.x86_64\workspace\End_To_End\Tests">
<suite id="s1-s1" name="Back Office" source="C:\Users\ouali\Downloads\RED_0.8.10.20181217152018-win32.win32.x86_64\workspace\End_To_End\Tests\Back_Office">
<suite id="s1-s1-s1" name="BackOffice" source="C:\Users\ouali\Downloads\RED_0.8.10.20181217152018-win32.win32.x86_64\workspace\End_To_End\Tests\Back_Office\BackOffice.robot">
<test id="s1-s1-s1-t1" name="Should be able to access &quot;Landing&quot; page">
<kw name="Begin Web Test" library="CommonWeb" type="setup">
<kw name="Open Browser" library="SeleniumLibrary">
<doc>Opens a new browser instance to the given ``url``.</doc>
<arguments>
<arg>about:blank</arg>
<arg>${BROWSER}</arg>
</arguments>
<msg timestamp="20190201 17:49:42.201" level="INFO">Opening browser 'chrome' to base url 'about:blank'.</msg>
<status status="PASS" starttime="20190201 17:49:42.201" endtime="20190201 17:49:45.807"></status>
</kw>
<status status="PASS" starttime="20190201 17:49:42.201" endtime="20190201 17:49:45.807"></status>
</kw>
<kw name="Go to Landing Page" library="BackOfficeApp">
<kw name="Navigate To" library="BackOffice_Landing">
<kw name="Go To" library="SeleniumLibrary">
<doc>Navigates the active browser instance to the provided ``url``.</doc>
<arguments>
<arg>${BACK_OFFICE_URL}</arg>
</arguments>
<msg timestamp="20190201 17:49:45.809" level="FAIL">Variable '${BACK_OFFICE_URL}' not found.</msg>
<status status="FAIL" starttime="20190201 17:49:45.808" endtime="20190201 17:49:45.809"></status>
</kw>
<status status="FAIL" starttime="20190201 17:49:45.808" endtime="20190201 17:49:45.810"></status>
</kw>
<status status="FAIL" starttime="20190201 17:49:45.807" endtime="20190201 17:49:45.810"></status>
</kw>
<kw name="End Web Test" library="CommonWeb" type="teardown">
<kw name="Close All Browsers" library="SeleniumLibrary">
<doc>Closes all open browsers and resets the browser cache.</doc>
<status status="PASS" starttime="20190201 17:49:45.810" endtime="20190201 17:49:47.919"></status>
</kw>
<status status="PASS" starttime="20190201 17:49:45.810" endtime="20190201 17:49:47.919"></status>
</kw>
<doc>This is test 1</doc>
<tags>
<tag>test1</tag>
</tags>
<status status="FAIL" starttime="20190201 17:49:42.201" endtime="20190201 17:49:47.920" critical="yes">Variable '${BACK_OFFICE_URL}' not found.</status>
</test>
<doc>Talk about what this suite of tests does</doc>
<status status="FAIL" starttime="20190201 17:49:42.015" endtime="20190201 17:49:47.923"></status>
</suite>
<status status="FAIL" starttime="20190201 17:49:42.000" endtime="20190201 17:49:47.931"></status>
</suite>
<suite id="s1-s2" name="End To End" source="C:\Users\ouali\Downloads\RED_0.8.10.20181217152018-win32.win32.x86_64\workspace\End_To_End\Tests\End_To_End">
<suite id="s1-s2-s1" name="Scenario" source="C:\Users\ouali\Downloads\RED_0.8.10.20181217152018-win32.win32.x86_64\workspace\End_To_End\Tests\End_To_End\Scenario.robot">
<test id="s1-s2-s1-t1" name="Should be able to access boths pages">
<kw name="Begin Web Test" library="CommonWeb" type="setup">
<kw name="Open Browser" library="SeleniumLibrary">
<doc>Opens a new browser instance to the given ``url``.</doc>
<arguments>
<arg>about:blank</arg>
<arg>${BROWSER}</arg>
</arguments>
<status status="FAIL" starttime="20190201 17:50:24.185" endtime="20190201 17:50:24.185"></status>
</kw>
<status status="FAIL" starttime="20190201 17:50:24.185" endtime="20190201 17:50:24.185"></status>
</kw>
<kw name="End Web Test" library="CommonWeb" type="teardown">
<kw name="Close All Browsers" library="SeleniumLibrary">
<doc>Closes all open browsers and resets the browser cache.</doc>
<status status="PASS" starttime="20190201 17:50:24.185" endtime="20190201 17:50:24.185"></status>
</kw>
<status status="PASS" starttime="20190201 17:50:24.185" endtime="20190201 17:50:24.185"></status>
</kw>
<doc>This is test 1</doc>
<tags>
<tag>test1</tag>
</tags>
<status status="FAIL" starttime="20190201 17:50:24.185" endtime="20190201 17:50:24.185" critical="yes">Setup failed:
Execution terminated by signal</status>
</test>
<doc>This is my end to end suite</doc>
<status status="FAIL" starttime="20190201 17:49:47.942" endtime="20190201 17:50:24.201"></status>
</suite>
<status status="FAIL" starttime="20190201 17:49:47.935" endtime="20190201 17:50:24.201"></status>
</suite>
<suite id="s1-s3" name="Front Office" source="C:\Users\ouali\Downloads\RED_0.8.10.20181217152018-win32.win32.x86_64\workspace\End_To_End\Tests\Front_Office">
<suite id="s1-s3-s1" name="FrontOffice" source="C:\Users\ouali\Downloads\RED_0.8.10.20181217152018-win32.win32.x86_64\workspace\End_To_End\Tests\Front_Office\FrontOffice.robot">
<test id="s1-s3-s1-t1" name="Should be able to access &quot;Team&quot; page">
<doc>This is test 1</doc>
<tags>
<tag>robot:exit</tag>
<tag>test1</tag>
</tags>
<status status="FAIL" starttime="20190201 17:50:24.201" endtime="20190201 17:50:24.217" critical="yes">Test execution stopped due to a fatal error.</status>
</test>
<test id="s1-s3-s1-t2" name="&quot;Team&quot; page should match requirements">
<doc>This is test 2</doc>
<tags>
<tag>robot:exit</tag>
<tag>test2</tag>
</tags>
<status status="FAIL" starttime="20190201 17:50:24.224" endtime="20190201 17:50:24.225" critical="yes">Test execution stopped due to a fatal error.</status>
</test>
<doc>Talks about what this suite of tests does</doc>
<status status="FAIL" starttime="20190201 17:50:24.201" endtime="20190201 17:50:24.228"></status>
</suite>
<status status="FAIL" starttime="20190201 17:50:24.201" endtime="20190201 17:50:24.233"></status>
</suite>
<status status="FAIL" starttime="20190201 17:49:41.972" endtime="20190201 17:50:24.238"></status>
</suite>
<statistics>
<total>
<stat pass="0" fail="4">Critical Tests</stat>
<stat pass="0" fail="4">All Tests</stat>
</total>
<tag>
<stat pass="0" fail="2" info="combined" combined="NOT robot:exit">NOT robot:exit</stat>
<stat pass="0" fail="2">robot:exit</stat>
<stat pass="0" fail="3">test1</stat>
<stat pass="0" fail="1">test2</stat>
</tag>
<suite>
<stat pass="0" fail="4" id="s1" name="Tests">Tests</stat>
<stat pass="0" fail="1" id="s1-s1" name="Back Office">Tests.Back Office</stat>
<stat pass="0" fail="1" id="s1-s1-s1" name="BackOffice">Tests.Back Office.BackOffice</stat>
<stat pass="0" fail="1" id="s1-s2" name="End To End">Tests.End To End</stat>
<stat pass="0" fail="1" id="s1-s2-s1" name="Scenario">Tests.End To End.Scenario</stat>
<stat pass="0" fail="2" id="s1-s3" name="Front Office">Tests.Front Office</stat>
<stat pass="0" fail="2" id="s1-s3-s1" name="FrontOffice">Tests.Front Office.FrontOffice</stat>
</suite>
</statistics>
<errors>
<msg timestamp="20190201 17:50:24.167" level="ERROR">Error in file 'C:\Users\ouali\Downloads\RED_0.8.10.20181217152018-win32.win32.x86_64\workspace\End_To_End\Tests\End_To_End\Scenario.robot': Getting keyword names from library 'Remote' failed: Calling dynamic method 'get_keyword_names' failed: Connecting remote server at http://134.157.27.161:8270 failed: [WinError 10060] Une tentative de connexion a échoué car le parti connecté n’a pas répondu convenablement au-delà d’une certaine durée ou une connexion établie a échoué car l’hôte de connexion n’a pas répondu</msg>
</errors>
</robot>
